20.3.2025, 11:53:11 - ERROR - Cannot save bug
23.3.2025, 21:17:15 - DEBUG - req.query | {"title":"Cache Not Updating","severity":"5","_id":"CACHE12345"}
23.3.2025, 21:17:22 - DEBUG - req.query | {"title":"Animation Lag","severity":"5","_id":"ANIM_GLITCH"}
26.3.2025, 19:28:13 - DEBUG - req.query | {}
26.3.2025, 19:28:26 - DEBUG - req.query | {}
27.3.2025, 8:08:06 - DEBUG - req.query | {}
27.3.2025, 8:08:18 - DEBUG - req.query | {}
29.3.2025, 20:35:26 - ERROR - Cannot get bug | Cannot find bug - nB0zw
29.3.2025, 20:35:33 - ERROR - Cannot remove bug | Cannot remove bug - nB0zw
29.3.2025, 20:37:08 - INFO - Bug bug003 removed
29.3.2025, 20:38:13 - DEBUG - req.query | {}
29.3.2025, 20:43:15 - DEBUG - req.query | {}
29.3.2025, 20:44:38 - DEBUG - req.query | {}
29.3.2025, 20:45:33 - DEBUG - req.query | {}
29.3.2025, 20:47:45 - DEBUG - req.query | {}
29.3.2025, 20:49:22 - DEBUG - req.query | {}
29.3.2025, 20:53:18 - DEBUG - req.query | {}
29.3.2025, 20:56:03 - DEBUG - req.query | {}
29.3.2025, 21:03:57 - DEBUG - req.query | {}
29.3.2025, 21:04:24 - DEBUG - req.query | {}
